{
  "stats": {
    "suites": 1,
    "tests": 3,
    "passes": 3,
    "pending": 0,
    "failures": 0,
    "start": "2023-08-05T17:23:08.270Z",
    "end": "2023-08-05T17:23:47.922Z",
    "duration": 39652,
    "testsRegistered": 3,
    "passPercent": 100,
    "pendingPercent": 0,
    "other": 0,
    "hasOther": false,
    "skipped": 0,
    "hasSkipped": false
  },
  "results": [
    {
      "uuid": "23bdc218-4e0b-446f-b242-1f6ddb1f7f4f",
      "title": "",
      "fullFile": "cypress\\e2e\\specs\\script.cy.ts",
      "file": "cypress\\e2e\\specs\\script.cy.ts",
      "beforeHooks": [],
      "afterHooks": [],
      "tests": [],
      "suites": [
        {
          "uuid": "90cfd310-b53e-4314-a268-a556165b40a6",
          "title": "Dispatcher Testing",
          "fullFile": "",
          "file": "",
          "beforeHooks": [],
          "afterHooks": [],
          "tests": [
            {
              "title": "Verify Dispatcher Login",
              "fullTitle": "Dispatcher Testing Verify Dispatcher Login",
              "timedOut": null,
              "duration": 23080,
              "state": "passed",
              "speed": "slow",
              "pass": true,
              "fail": false,
              "pending": false,
              "context": null,
              "code": "cy.visit(user_inputs.url);\nloginPage.enterUsername(user_inputs.username);\nloginPage.enterPassword(user_inputs.password);\nloginPage.clickLogin();\nsysSelectionPage.clickOnLocationDropDown();\nsysSelectionPage.selectKitchen();\nsysSelectionPage.clickDispatcherBtn();\ndispatcherHomePage.checkVisibilityOfElement();",
              "err": {},
              "uuid": "fe2095fa-4b1c-4956-a5cd-b835aca893b3",
              "parentUUID": "90cfd310-b53e-4314-a268-a556165b40a6",
              "isHook": false,
              "skipped": false
            },
            {
              "title": "Verify create an delivery by Restaurant order (Talabat)",
              "fullTitle": "Dispatcher Testing Verify create an delivery by Restaurant order (Talabat)",
              "timedOut": null,
              "duration": 1455,
              "state": "passed",
              "speed": "fast",
              "pass": true,
              "fail": false,
              "pending": false,
              "context": null,
              "code": "cy.request({\n    method: 'POST',\n    url: user_details.talabaturl,\n    body: talabat_payload\n}).then((res) => {\n    expect(res.status).to.be.equal(202);\n});",
              "err": {},
              "uuid": "79265808-abc9-4300-9401-6e1e12cc7251",
              "parentUUID": "90cfd310-b53e-4314-a268-a556165b40a6",
              "isHook": false,
              "skipped": false
            },
            {
              "title": "Verify order is receiving to Dispatcher",
              "fullTitle": "Dispatcher Testing Verify order is receiving to Dispatcher",
              "timedOut": null,
              "duration": 12914,
              "state": "passed",
              "speed": "slow",
              "pass": true,
              "fail": false,
              "pending": false,
              "context": null,
              "code": "cy.visit(user_inputs.url);\nloginPage.enterUsername(user_inputs.username);\nloginPage.enterPassword(user_inputs.password);\nloginPage.clickLogin();\nsysSelectionPage.clickOnLocationDropDown();\nsysSelectionPage.selectKitchen();\nsysSelectionPage.clickDispatcherBtn();\ndispatcherHomePage.checkVisibilityOfElement();\ndispatcherHomePage.varifyOrderReceiving(talabat_payload.code);",
              "err": {},
              "uuid": "d294cfa5-bf5b-48a4-bd5d-04800ca70c70",
              "parentUUID": "90cfd310-b53e-4314-a268-a556165b40a6",
              "isHook": false,
              "skipped": false
            }
          ],
          "suites": [],
          "passes": [
            "fe2095fa-4b1c-4956-a5cd-b835aca893b3",
            "79265808-abc9-4300-9401-6e1e12cc7251",
            "d294cfa5-bf5b-48a4-bd5d-04800ca70c70"
          ],
          "failures": [],
          "pending": [],
          "skipped": [],
          "duration": 37449,
          "root": false,
          "rootEmpty": false,
          "_timeout": 2000
        }
      ],
      "passes": [],
      "failures": [],
      "pending": [],
      "skipped": [],
      "duration": 0,
      "root": true,
      "rootEmpty": true,
      "_timeout": 2000
    }
  ],
  "meta": {
    "mocha": {
      "version": "7.0.1"
    },
    "mochawesome": {
      "options": {
        "quiet": false,
        "reportFilename": "mochawesome",
        "saveHtml": false,
        "saveJson": true,
        "consoleReporter": "spec",
        "useInlineDiffs": false,
        "code": true
      },
      "version": "7.1.3"
    },
    "marge": {
      "options": {
        "charts": true,
        "overwrite": false,
        "html": false,
        "json": true,
        "reportDir": "cypress/report"
      },
      "version": "6.2.0"
    }
  }
}