{
  "stats": {
    "suites": 1,
    "tests": 3,
    "passes": 3,
    "pending": 0,
    "failures": 0,
    "start": "2023-05-24T05:51:56.872Z",
    "end": "2023-05-24T05:52:25.634Z",
    "duration": 28762,
    "testsRegistered": 3,
    "passPercent": 100,
    "pendingPercent": 0,
    "other": 0,
    "hasOther": false,
    "skipped": 0,
    "hasSkipped": false
  },
  "results": [
    {
      "uuid": "57258eba-d1cd-4141-b41c-41272c9ac397",
      "title": "",
      "fullFile": "cypress\\e2e\\specs\\script.cy.ts",
      "file": "cypress\\e2e\\specs\\script.cy.ts",
      "beforeHooks": [],
      "afterHooks": [],
      "tests": [],
      "suites": [
        {
          "uuid": "6d4b949b-c455-47f8-aaef-9b2393aba96d",
          "title": "Dispatcher Testing",
          "fullFile": "",
          "file": "",
          "beforeHooks": [],
          "afterHooks": [],
          "tests": [
            {
              "title": "Verify Dispatcher Login",
              "fullTitle": "Dispatcher Testing Verify Dispatcher Login",
              "timedOut": null,
              "duration": 15065,
              "state": "passed",
              "speed": "slow",
              "pass": true,
              "fail": false,
              "pending": false,
              "context": null,
              "code": "cy.visit(user_inputs.url);\nloginPage.enterUsername(user_inputs.username);\nloginPage.enterPassword(user_inputs.password);\nloginPage.clickLogin();\nsysSelectionPage.clickOnLocationDropDown();\nsysSelectionPage.selectKitchen();\nsysSelectionPage.clickDispatcherBtn();\ndispatcherHomePage.checkVisibilityOfElement();",
              "err": {},
              "uuid": "22f5128f-5cf4-41fb-b109-d280438e2cdf",
              "parentUUID": "6d4b949b-c455-47f8-aaef-9b2393aba96d",
              "isHook": false,
              "skipped": false
            },
            {
              "title": "Verify create an delivery by Restaurant order (Talabat)",
              "fullTitle": "Dispatcher Testing Verify create an delivery by Restaurant order (Talabat)",
              "timedOut": null,
              "duration": 1690,
              "state": "passed",
              "speed": "fast",
              "pass": true,
              "fail": false,
              "pending": false,
              "context": null,
              "code": "cy.request({\n    method: 'POST',\n    url: user_details.talabaturl,\n    body: talabat_payload\n}).then((res) => {\n    expect(res.status).to.be.equal(202);\n});",
              "err": {},
              "uuid": "85017010-d0e4-4e0f-934b-0dc6eaf87182",
              "parentUUID": "6d4b949b-c455-47f8-aaef-9b2393aba96d",
              "isHook": false,
              "skipped": false
            },
            {
              "title": "Verify order is receiving to Dispatcher",
              "fullTitle": "Dispatcher Testing Verify order is receiving to Dispatcher",
              "timedOut": null,
              "duration": 8915,
              "state": "passed",
              "speed": "medium",
              "pass": true,
              "fail": false,
              "pending": false,
              "context": null,
              "code": "cy.visit(user_inputs.url);\nloginPage.enterUsername(user_inputs.username);\nloginPage.enterPassword(user_inputs.password);\nloginPage.clickLogin();\nsysSelectionPage.clickOnLocationDropDown();\nsysSelectionPage.selectKitchen();\nsysSelectionPage.clickDispatcherBtn();\ndispatcherHomePage.checkVisibilityOfElement();\ndispatcherHomePage.varifyOrderReceiving(talabat_payload.code);",
              "err": {},
              "uuid": "d16fc472-2fe0-46e1-b876-e06ed51c4316",
              "parentUUID": "6d4b949b-c455-47f8-aaef-9b2393aba96d",
              "isHook": false,
              "skipped": false
            }
          ],
          "suites": [],
          "passes": [
            "22f5128f-5cf4-41fb-b109-d280438e2cdf",
            "85017010-d0e4-4e0f-934b-0dc6eaf87182",
            "d16fc472-2fe0-46e1-b876-e06ed51c4316"
          ],
          "failures": [],
          "pending": [],
          "skipped": [],
          "duration": 25670,
          "root": false,
          "rootEmpty": false,
          "_timeout": 2000
        }
      ],
      "passes": [],
      "failures": [],
      "pending": [],
      "skipped": [],
      "duration": 0,
      "root": true,
      "rootEmpty": true,
      "_timeout": 2000
    }
  ],
  "meta": {
    "mocha": {
      "version": "7.0.1"
    },
    "mochawesome": {
      "options": {
        "quiet": false,
        "reportFilename": "mochawesome",
        "saveHtml": false,
        "saveJson": true,
        "consoleReporter": "spec",
        "useInlineDiffs": false,
        "code": true
      },
      "version": "7.1.3"
    },
    "marge": {
      "options": {
        "charts": true,
        "overwrite": false,
        "html": false,
        "json": true,
        "reportDir": "cypress/report"
      },
      "version": "6.2.0"
    }
  }
}