{
  "stats": {
    "suites": 1,
    "tests": 2,
    "passes": 2,
    "pending": 0,
    "failures": 0,
    "start": "2023-08-09T14:01:56.321Z",
    "end": "2023-08-09T14:02:21.170Z",
    "duration": 24849,
    "testsRegistered": 2,
    "passPercent": 100,
    "pendingPercent": 0,
    "other": 0,
    "hasOther": false,
    "skipped": 0,
    "hasSkipped": false
  },
  "results": [
    {
      "uuid": "7c2b58d5-d043-4a86-8a64-a77d8559a9c5",
      "title": "",
      "fullFile": "cypress\\e2e\\specs\\script.cy.ts",
      "file": "cypress\\e2e\\specs\\script.cy.ts",
      "beforeHooks": [],
      "afterHooks": [],
      "tests": [],
      "suites": [
        {
          "uuid": "02969431-91b4-4ad2-ba52-beb170bb96f8",
          "title": "Dispatcher Testing",
          "fullFile": "",
          "file": "",
          "beforeHooks": [],
          "afterHooks": [],
          "tests": [
            {
              "title": "Verify Dispatcher Login",
              "fullTitle": "Dispatcher Testing Verify Dispatcher Login",
              "timedOut": null,
              "duration": 15738,
              "state": "passed",
              "speed": "slow",
              "pass": true,
              "fail": false,
              "pending": false,
              "context": null,
              "code": "cy.visit(user_inputs.url);\nloginPage.enterUsername(user_inputs.username);\nloginPage.enterPassword(user_inputs.password);\nloginPage.clickLogin();\nsysSelectionPage.clickOnLocationDropDown();\nsysSelectionPage.selectKitchen();\nsysSelectionPage.clickDispatcherBtn();\ndispatcherHomePage.checkVisibilityOfElement();",
              "err": {},
              "uuid": "1a26bf19-d71d-4858-91fa-88835091c933",
              "parentUUID": "02969431-91b4-4ad2-ba52-beb170bb96f8",
              "isHook": false,
              "skipped": false
            },
            {
              "title": "Verify create an delivery by Restaurant order (Talabat)",
              "fullTitle": "Dispatcher Testing Verify create an delivery by Restaurant order (Talabat)",
              "timedOut": null,
              "duration": 3986,
              "state": "passed",
              "speed": "fast",
              "pass": true,
              "fail": false,
              "pending": false,
              "context": null,
              "code": "cy.request({\n    method: 'POST',\n    url: user_details.talabaturl,\n    body: talabat_payload\n}).then((res) => {\n    expect(res.status).to.be.equal(202);\n});",
              "err": {},
              "uuid": "16362c11-6148-4db8-b403-5fec074ffe86",
              "parentUUID": "02969431-91b4-4ad2-ba52-beb170bb96f8",
              "isHook": false,
              "skipped": false
            }
          ],
          "suites": [],
          "passes": [
            "1a26bf19-d71d-4858-91fa-88835091c933",
            "16362c11-6148-4db8-b403-5fec074ffe86"
          ],
          "failures": [],
          "pending": [],
          "skipped": [],
          "duration": 19724,
          "root": false,
          "rootEmpty": false,
          "_timeout": 2000
        }
      ],
      "passes": [],
      "failures": [],
      "pending": [],
      "skipped": [],
      "duration": 0,
      "root": true,
      "rootEmpty": true,
      "_timeout": 2000
    }
  ],
  "meta": {
    "mocha": {
      "version": "7.0.1"
    },
    "mochawesome": {
      "options": {
        "quiet": false,
        "reportFilename": "mochawesome",
        "saveHtml": false,
        "saveJson": true,
        "consoleReporter": "spec",
        "useInlineDiffs": false,
        "code": true
      },
      "version": "7.1.3"
    },
    "marge": {
      "options": {
        "overwrite": false,
        "html": false,
        "json": true
      },
      "version": "6.2.0"
    }
  }
}